<?xml version="1.0" encoding="UTF-8" ?>
<testsuite failures="0" time="0.002" errors="0" skipped="0" tests="0" name="it.cnr.itd.pxlab.MyTest">
  <properties>
    <property name="java.runtime.name" value="Java(TM) SE Runtime Environment"/>
    <property name="sun.boot.library.path" value="/usr/lib/jvm/jdk1.7.0_05/jre/lib/amd64"/>
    <property name="java.vm.version" value="23.1-b03"/>
    <property name="java.vm.vendor" value="Oracle Corporation"/>
    <property name="java.vendor.url" value="http://java.oracle.com/"/>
    <property name="path.separator" value=":"/>
    <property name="java.vm.name" value="Java HotSpot(TM) 64-Bit Server VM"/>
    <property name="file.encoding.pkg" value="sun.io"/>
    <property name="user.country" value="IT"/>
    <property name="sun.java.launcher" value="SUN_STANDARD"/>
    <property name="sun.os.patch.level" value="unknown"/>
    <property name="java.vm.specification.name" value="Java Virtual Machine Specification"/>
    <property name="user.dir" value="/home/gentile/git/github/pxlab"/>
    <property name="java.runtime.version" value="1.7.0_05-b06"/>
    <property name="java.awt.graphicsenv" value="sun.awt.X11GraphicsEnvironment"/>
    <property name="basedir" value="/home/gentile/git/github/pxlab"/>
    <property name="java.endorsed.dirs" value="/usr/lib/jvm/jdk1.7.0_05/jre/lib/endorsed"/>
    <property name="os.arch" value="amd64"/>
    <property name="surefire.real.class.path" value="/home/gentile/git/github/pxlab/target/surefire/surefirebooter2644488368752626771.jar"/>
    <property name="java.io.tmpdir" value="/tmp"/>
    <property name="line.separator" value="
"/>
    <property name="java.vm.specification.vendor" value="Oracle Corporation"/>
    <property name="os.name" value="Linux"/>
    <property name="sun.jnu.encoding" value="UTF-8"/>
    <property name="java.library.path" value="/usr/java/packages/lib/amd64:/usr/lib64:/lib64:/lib:/usr/lib"/>
    <property name="surefire.test.class.path" value="/home/gentile/git/github/pxlab/target/test-classes:/home/gentile/git/github/pxlab/target/classes:/home/gentile/.m2/repository/javax/media/jmf/2.1.1e/jmf-2.1.1e.jar:/home/gentile/.m2/repository/javax/comm/comm/2.0.3/comm-2.0.3.jar:/home/gentile/.m2/repository/batik/batik-bridge/1.6/batik-bridge-1.6.jar:/home/gentile/.m2/repository/batik/batik-gvt/1.6/batik-gvt-1.6.jar:/home/gentile/.m2/repository/batik/batik-util/1.6/batik-util-1.6.jar:/home/gentile/.m2/repository/batik/batik-ext/1.6/batik-ext-1.6.jar:/home/gentile/.m2/repository/batik/batik-awt-util/1.6/batik-awt-util-1.6.jar:"/>
    <property name="java.specification.name" value="Java Platform API Specification"/>
    <property name="java.class.version" value="51.0"/>
    <property name="sun.management.compiler" value="HotSpot 64-Bit Tiered Compilers"/>
    <property name="os.version" value="3.2.0-27-generic"/>
    <property name="user.home" value="/home/gentile"/>
    <property name="user.timezone" value=""/>
    <property name="java.awt.printerjob" value="sun.print.PSPrinterJob"/>
    <property name="file.encoding" value="UTF-8"/>
    <property name="java.specification.version" value="1.7"/>
    <property name="user.name" value="gentile"/>
    <property name="java.class.path" value="/home/gentile/git/github/pxlab/target/test-classes:/home/gentile/git/github/pxlab/target/classes:/home/gentile/.m2/repository/javax/media/jmf/2.1.1e/jmf-2.1.1e.jar:/home/gentile/.m2/repository/javax/comm/comm/2.0.3/comm-2.0.3.jar:/home/gentile/.m2/repository/batik/batik-bridge/1.6/batik-bridge-1.6.jar:/home/gentile/.m2/repository/batik/batik-gvt/1.6/batik-gvt-1.6.jar:/home/gentile/.m2/repository/batik/batik-util/1.6/batik-util-1.6.jar:/home/gentile/.m2/repository/batik/batik-ext/1.6/batik-ext-1.6.jar:/home/gentile/.m2/repository/batik/batik-awt-util/1.6/batik-awt-util-1.6.jar:"/>
    <property name="java.vm.specification.version" value="1.7"/>
    <property name="sun.arch.data.model" value="64"/>
    <property name="java.home" value="/usr/lib/jvm/jdk1.7.0_05/jre"/>
    <property name="sun.java.command" value="/home/gentile/git/github/pxlab/target/surefire/surefirebooter2644488368752626771.jar /home/gentile/git/github/pxlab/target/surefire/surefire1689067058208811985tmp /home/gentile/git/github/pxlab/target/surefire/surefire9183830418988133405tmp"/>
    <property name="java.specification.vendor" value="Oracle Corporation"/>
    <property name="user.language" value="it"/>
    <property name="awt.toolkit" value="sun.awt.X11.XToolkit"/>
    <property name="java.vm.info" value="mixed mode"/>
    <property name="java.version" value="1.7.0_05"/>
    <property name="java.ext.dirs" value="/usr/lib/jvm/jdk1.7.0_05/jre/lib/ext:/usr/java/packages/lib/ext"/>
    <property name="sun.boot.class.path" value="/usr/lib/jvm/jdk1.7.0_05/jre/lib/resources.jar:/usr/lib/jvm/jdk1.7.0_05/jre/lib/rt.jar:/usr/lib/jvm/jdk1.7.0_05/jre/lib/sunrsasign.jar:/usr/lib/jvm/jdk1.7.0_05/jre/lib/jsse.jar:/usr/lib/jvm/jdk1.7.0_05/jre/lib/jce.jar:/usr/lib/jvm/jdk1.7.0_05/jre/lib/charsets.jar:/usr/lib/jvm/jdk1.7.0_05/jre/lib/jfr.jar:/usr/lib/jvm/jdk1.7.0_05/jre/classes"/>
    <property name="java.vendor" value="Oracle Corporation"/>
    <property name="localRepository" value="/home/gentile/.m2/repository"/>
    <property name="file.separator" value="/"/>
    <property name="java.vendor.url.bug" value="http://bugreport.sun.com/bugreport/"/>
    <property name="sun.cpu.endian" value="little"/>
    <property name="sun.io.unicode.encoding" value="UnicodeLittle"/>
    <property name="sun.desktop" value="gnome"/>
    <property name="sun.cpu.isalist" value=""/>
  </properties>
</testsuite>